<?xml version="1.0" encoding="utf-8"?><testsuites name="pytest tests"><testsuite name="pytest" errors="0" failures="0" skipped="0" tests="21" time="6.867" timestamp="2026-07-19T16:38:38.937412+00:00" hostname="agent-env-1bcf439d-d755-423b-9e42-f58f20475eed"><testcase classname="backend.tests.backend_test" name="test_health" time="0.911" /><testcase classname="backend.tests.backend_test" name="test_register_and_login" time="0.736" /><testcase classname="backend.tests.backend_test" name="test_login_invalid" time="0.291" /><testcase classname="backend.tests.backend_test" name="test_me_unauthorized" time="0.069" /><testcase classname="backend.tests.backend_test" name="test_categories" time="0.080" /><testcase classname="backend.tests.backend_test" name="test_banners" time="0.080" /><testcase classname="backend.tests.backend_test" name="test_products_list_and_filter" time="0.366" /><testcase classname="backend.tests.backend_test" name="test_search_suggest" time="0.118" /><testcase classname="backend.tests.backend_test" name="test_cart_flow" time="0.756" /><testcase classname="backend.tests.backend_test" name="test_wishlist_toggle" time="0.256" /><testcase classname="backend.tests.backend_test" name="test_addresses_list" time="0.119" /><testcase classname="backend.tests.backend_test" name="test_coupons_list" time="0.073" /><testcase classname="backend.tests.backend_test" name="test_order_detail_and_persistence" time="0.449" /><testcase classname="backend.tests.backend_test" name="test_checkout_invalid_coupon_minorder" time="0.382" /><testcase classname="backend.tests.backend_test" name="test_empty_cart_checkout" time="0.143" /><testcase classname="backend.tests.backend_test" name="test_notifications_flow" time="0.212" /><testcase classname="backend.tests.backend_test" name="test_order_cancel" time="0.396" /><testcase classname="backend.tests.backend_test" name="test_add_review_updates_rating" time="0.179" /><testcase classname="backend.tests.backend_test" name="test_admin_stats" time="0.329" /><testcase classname="backend.tests.backend_test" name="test_admin_role_guard" time="0.069" /><testcase classname="backend.tests.backend_test" name="test_admin_status_advance" time="0.759" /></testsuite></testsuites>