<?xml version="1.0" encoding="utf-8"?><testsuites name="pytest tests"><testsuite name="pytest" errors="0" failures="0" skipped="0" tests="21" time="5.437" timestamp="2026-07-19T08:55:49.568647+00:00" hostname="agent-env-1bcf439d-d755-423b-9e42-f58f20475eed"><testcase classname="backend.tests.backend_test" name="test_health" time="0.486" /><testcase classname="backend.tests.backend_test" name="test_register_and_login" time="0.909" /><testcase classname="backend.tests.backend_test" name="test_login_invalid" time="0.249" /><testcase classname="backend.tests.backend_test" name="test_me_unauthorized" time="0.028" /><testcase classname="backend.tests.backend_test" name="test_categories" time="0.068" /><testcase classname="backend.tests.backend_test" name="test_banners" time="0.069" /><testcase classname="backend.tests.backend_test" name="test_products_list_and_filter" time="0.278" /><testcase classname="backend.tests.backend_test" name="test_search_suggest" time="0.054" /><testcase classname="backend.tests.backend_test" name="test_cart_flow" time="0.663" /><testcase classname="backend.tests.backend_test" name="test_wishlist_toggle" time="0.197" /><testcase classname="backend.tests.backend_test" name="test_addresses_list" time="0.098" /><testcase classname="backend.tests.backend_test" name="test_coupons_list" time="0.024" /><testcase classname="backend.tests.backend_test" name="test_order_detail_and_persistence" time="0.323" /><testcase classname="backend.tests.backend_test" name="test_checkout_invalid_coupon_minorder" time="0.331" /><testcase classname="backend.tests.backend_test" name="test_empty_cart_checkout" time="0.050" /><testcase classname="backend.tests.backend_test" name="test_notifications_flow" time="0.141" /><testcase classname="backend.tests.backend_test" name="test_order_cancel" time="0.296" /><testcase classname="backend.tests.backend_test" name="test_add_review_updates_rating" time="0.166" /><testcase classname="backend.tests.backend_test" name="test_admin_stats" time="0.320" /><testcase classname="backend.tests.backend_test" name="test_admin_role_guard" time="0.029" /><testcase classname="backend.tests.backend_test" name="test_admin_status_advance" time="0.566" /></testsuite></testsuites>