<?xml version="1.0" encoding="utf-8"?><testsuites name="pytest tests"><testsuite name="pytest" errors="0" failures="0" skipped="0" tests="8" time="3.157" timestamp="2026-08-30T16:48:19.747095+00:00" hostname="agent-env-1bcf439d-d755-423b-9e42-f58f20475eed"><testcase classname="backend.tests.test_data_cleanup_regression" name="test_products_count_and_dupe_cleanup" time="0.616" /><testcase classname="backend.tests.test_data_cleanup_regression" name="test_categories_shape" time="0.268" /><testcase classname="backend.tests.test_data_cleanup_regression" name="test_price_band_under_200_returns_expected_three" time="0.054" /><testcase classname="backend.tests.test_data_cleanup_regression" name="test_price_band_under_50_returns_empty" time="0.047" /><testcase classname="backend.tests.test_data_cleanup_regression" name="test_banners_count_and_hosts" time="0.040" /><testcase classname="backend.tests.test_data_cleanup_regression" name="test_auth_and_cart_smoke" time="0.531" /><testcase classname="backend.tests.test_data_cleanup_regression" name="test_admin_upload_unauth_returns_401" time="0.097" /><testcase classname="backend.tests.test_data_cleanup_regression" name="test_admin_upload_authed_returns_r2_url" time="1.458" /></testsuite></testsuites>