<?xml version="1.0" encoding="utf-8"?><testsuites name="pytest tests"><testsuite name="pytest" errors="0" failures="0" skipped="0" tests="5" time="2.316" timestamp="2026-07-19T16:38:26.302351+00:00" hostname="agent-env-1bcf439d-d755-423b-9e42-f58f20475eed"><testcase classname="backend.tests.test_n1_regression" name="test_empty_cart_hydration" time="0.454" /><testcase classname="backend.tests.test_n1_regression" name="test_cart_add_hydrated_shape_and_totals" time="0.188" /><testcase classname="backend.tests.test_n1_regression" name="test_checkout_creates_order_clears_cart_decrements_stock_notifies" time="0.365" /><testcase classname="backend.tests.test_n1_regression" name="test_admin_stats_all_keys_present_and_items_in_recent_orders" time="0.284" /><testcase classname="backend.tests.test_n1_regression" name="test_multi_item_cart_checkout_decrements_all_stocks" time="0.900" /></testsuite></testsuites>